Copyright 1986-2019 Xilinx, Inc. All Rights Reserved.
-------------------------------------------------------------------------------------------------------------------------------
| Tool Version     : Vivado v.2019.2 (win64) Build 2708876 Wed Nov  6 21:40:23 MST 2019
| Date             : Tue Dec  8 19:13:12 2020
| Host             : DESKTOP-CCVBI4S running 64-bit major release  (build 9200)
| Command          : report_power -file top_power_routed.rpt -pb top_power_summary_routed.pb -rpx top_power_routed.rpx
| Design           : top
| Device           : xc7a35tcpg236-1
| Design State     : routed
| Grade            : commercial
| Process          : typical
| Characterization : Production
-------------------------------------------------------------------------------------------------------------------------------

Power Report

Table of Contents
-----------------
1. Summary
1.1 On-Chip Components
1.2 Power Supply Summary
1.3 Confidence Level
2. Settings
2.1 Environment
2.2 Clock Constraints
3. Detailed Reports
3.1 By Hierarchy

1. Summary
----------

+--------------------------+-----------------------------------+
| Total On-Chip Power (W)  | 125.597 (Junction temp exceeded!) |
| Design Power Budget (W)  | Unspecified*                      |
| Power Budget Margin (W)  | NA                                |
| Dynamic (W)              | 125.110                           |
| Device Static (W)        | 0.486                             |
| Effective TJA (C/W)      | 5.0                               |
| Max Ambient (C)          | 0.0                               |
| Junction Temperature (C) | 125.0                             |
| Confidence Level         | Low                               |
| Setting File             | ---                               |
| Simulation Activity File | ---                               |
| Design Nets Matched      | NA                                |
+--------------------------+-----------------------------------+
* Specify Design Power Budget using, set_operating_conditions -design_power_budget <value in Watts>


1.1 On-Chip Components
----------------------

+----------------+-----------+----------+-----------+-----------------+
| On-Chip        | Power (W) | Used     | Available | Utilization (%) |
+----------------+-----------+----------+-----------+-----------------+
| Slice Logic    |    50.246 |    19860 |       --- |             --- |
|   LUT as Logic |    45.513 |    13245 |     20800 |           63.68 |
|   CARRY4       |     4.660 |      710 |      8150 |            8.71 |
|   BUFG         |     0.044 |        4 |        32 |           12.50 |
|   F7/F8 Muxes  |     0.016 |     1145 |     32600 |            3.51 |
|   Register     |     0.013 |     3335 |     41600 |            8.02 |
|   Others       |     0.000 |       21 |       --- |             --- |
| Signals        |    56.506 |    14511 |       --- |             --- |
| Block RAM      |     0.000 |      0.5 |        50 |            1.00 |
| DSPs           |     1.005 |        4 |        90 |            4.44 |
| I/O            |    17.354 |       26 |       106 |           24.53 |
| Static Power   |     0.486 |          |           |                 |
| Total          |   125.597 |          |           |                 |
+----------------+-----------+----------+-----------+-----------------+


1.2 Power Supply Summary
------------------------

+-----------+-------------+-----------+-------------+------------+
| Source    | Voltage (V) | Total (A) | Dynamic (A) | Static (A) |
+-----------+-------------+-----------+-------------+------------+
| Vccint    |       1.000 |   108.101 |     107.760 |      0.341 |
| Vccaux    |       1.800 |     0.689 |       0.636 |      0.053 |
| Vcco33    |       3.300 |     4.912 |       4.911 |      0.001 |
| Vcco25    |       2.500 |     0.000 |       0.000 |      0.000 |
| Vcco18    |       1.800 |     0.000 |       0.000 |      0.000 |
| Vcco15    |       1.500 |     0.000 |       0.000 |      0.000 |
| Vcco135   |       1.350 |     0.000 |       0.000 |      0.000 |
| Vcco12    |       1.200 |     0.000 |       0.000 |      0.000 |
| Vccaux_io |       1.800 |     0.000 |       0.000 |      0.000 |
| Vccbram   |       1.000 |     0.010 |       0.000 |      0.010 |
| MGTAVcc   |       1.000 |     0.000 |       0.000 |      0.000 |
| MGTAVtt   |       1.200 |     0.000 |       0.000 |      0.000 |
| Vccadc    |       1.800 |     0.020 |       0.000 |      0.020 |
+-----------+-------------+-----------+-------------+------------+


1.3 Confidence Level
--------------------

+-----------------------------+------------+--------------------------------------------------------+--------------------------------------------------------------------------------------------------------------------+
| User Input Data             | Confidence | Details                                                | Action                                                                                                             |
+-----------------------------+------------+--------------------------------------------------------+--------------------------------------------------------------------------------------------------------------------+
| Design implementation state | High       | Design is routed                                       |                                                                                                                    |
| Clock nodes activity        | Low        | User specified less than 75% of clocks                 | Provide missing clock activity with a constraint file, simulation results or by editing the "By Clock Domain" view |
| I/O nodes activity          | Low        | More than 75% of inputs are missing user specification | Provide missing input activity with simulation results or by editing the "By Resource Type -> I/Os" view           |
| Internal nodes activity     | Medium     | User specified less than 25% of internal nodes         | Provide missing internal nodes activity with simulation results or by editing the "By Resource Type" views         |
| Device models               | High       | Device models are Production                           |                                                                                                                    |
|                             |            |                                                        |                                                                                                                    |
| Overall confidence level    | Low        |                                                        |                                                                                                                    |
+-----------------------------+------------+--------------------------------------------------------+--------------------------------------------------------------------------------------------------------------------+


2. Settings
-----------

2.1 Environment
---------------

+-----------------------+--------------------------+
| Ambient Temp (C)      | 25.0                     |
| ThetaJA (C/W)         | 5.0                      |
| Airflow (LFM)         | 250                      |
| Heat Sink             | medium (Medium Profile)  |
| ThetaSA (C/W)         | 4.6                      |
| Board Selection       | medium (10"x10")         |
| # of Board Layers     | 12to15 (12 to 15 Layers) |
| Board Temperature (C) | 25.0                     |
+-----------------------+--------------------------+


2.2 Clock Constraints
---------------------

+-------+--------+-----------------+
| Clock | Domain | Constraint (ns) |
+-------+--------+-----------------+


3. Detailed Reports
-------------------

3.1 By Hierarchy
----------------

+-----------+-----------+
| Name      | Power (W) |
+-----------+-----------+
| top       |   125.110 |
|   PCctr1  |     0.742 |
|   Smg     |     0.199 |
|   alu     |    49.480 |
|   dm      |     3.302 |
|   mainctr |     2.201 |
|   regfile |    11.236 |
|   trom    |    38.373 |
+-----------+-----------+


