Copyright 1986-2019 Xilinx, Inc. All Rights Reserved.
------------------------------------------------------------------------------------
| Tool Version : Vivado v.2019.2 (win64) Build 2708876 Wed Nov  6 21:40:23 MST 2019
| Date         : Thu Dec 17 10:51:06 2020
| Host         : DESKTOP-CCVBI4S running 64-bit major release  (build 9200)
| Command      : report_control_sets -verbose -file top_control_sets_placed.rpt
| Design       : top
| Device       : xc7a35t
------------------------------------------------------------------------------------

Control Set Information

Table of Contents
-----------------
1. Summary
2. Histogram
3. Flip-Flop Distribution
4. Detailed Control Set Information

1. Summary
----------

+----------------------------------------------------------+-------+
|                          Status                          | Count |
+----------------------------------------------------------+-------+
| Total control sets                                       |   295 |
|    Minimum number of control sets                        |   295 |
|    Addition due to synthesis replication                 |     0 |
|    Addition due to physical synthesis replication        |     0 |
| Unused register locations in slices containing registers |    13 |
+----------------------------------------------------------+-------+
* Control sets can be merged at opt_design using control_set_merge or merge_equivalent_drivers
** Run report_qor_suggestions for automated merging and remapping suggestions


2. Histogram
------------

+--------------------+-------+
|       Fanout       | Count |
+--------------------+-------+
| Total control sets |   295 |
| >= 0 to < 4        |     1 |
| >= 4 to < 6        |     1 |
| >= 6 to < 8        |     0 |
| >= 8 to < 10       |   256 |
| >= 10 to < 12      |     0 |
| >= 12 to < 14      |     0 |
| >= 14 to < 16      |     0 |
| >= 16              |    37 |
+--------------------+-------+
* Control sets can be remapped at either synth_design or opt_design


3. Flip-Flop Distribution
-------------------------

+--------------+-----------------------+------------------------+-----------------+--------------+
| Clock Enable | Synchronous Set/Reset | Asynchronous Set/Reset | Total Registers | Total Slices |
+--------------+-----------------------+------------------------+-----------------+--------------+
| No           | No                    | No                     |             108 |           56 |
| No           | No                    | Yes                    |               0 |            0 |
| No           | Yes                   | No                     |              63 |           26 |
| Yes          | No                    | No                     |               0 |            0 |
| Yes          | No                    | Yes                    |            3136 |         1906 |
| Yes          | Yes                   | No                     |               0 |            0 |
+--------------+-----------------------+------------------------+-----------------+--------------+


4. Detailed Control Set Information
-----------------------------------

+-----------------------+------------------------------------+------------------+------------------+----------------+
|      Clock Signal     |            Enable Signal           | Set/Reset Signal | Slice Load Count | Bel Load Count |
+-----------------------+------------------------------------+------------------+------------------+----------------+
|  clkdisplay_IBUF_BUFG |                                    |                  |                1 |              2 |
|  Smg/clk_400Hz        |                                    |                  |                1 |              4 |
|  clkin_IBUF_BUFG      | regfile/storemux_reg[1]_i_1_96[0]  | reset_IBUF       |                4 |              8 |
|  clkin_IBUF_BUFG      | mainctr/RAM[100][7]_i_3[0]         | reset_IBUF       |                6 |              8 |
|  clkin_IBUF_BUFG      | regfile/E[0]                       | reset_IBUF       |                7 |              8 |
|  clkin_IBUF_BUFG      | regfile/storemux_reg[1]_i_1_38[0]  | reset_IBUF       |                6 |              8 |
|  clkin_IBUF_BUFG      | regfile/storemux_reg[1]_i_1_390[0] | reset_IBUF       |                5 |              8 |
|  clkin_IBUF_BUFG      | regfile/storemux_reg[1]_i_1_379[0] | reset_IBUF       |                5 |              8 |
|  clkin_IBUF_BUFG      | regfile/storemux_reg[1]_i_1_378[0] | reset_IBUF       |                7 |              8 |
|  clkin_IBUF_BUFG      | regfile/storemux_reg[1]_i_1_382[0] | reset_IBUF       |                6 |              8 |
|  clkin_IBUF_BUFG      | regfile/storemux_reg[1]_i_1_380[0] | reset_IBUF       |                5 |              8 |
|  clkin_IBUF_BUFG      | regfile/storemux_reg[1]_i_1_388[0] | reset_IBUF       |                6 |              8 |
|  clkin_IBUF_BUFG      | regfile/storemux_reg[1]_i_1_377[0] | reset_IBUF       |                5 |              8 |
|  clkin_IBUF_BUFG      | regfile/storemux_reg[1]_i_1_387[0] | reset_IBUF       |                6 |              8 |
|  clkin_IBUF_BUFG      | regfile/storemux_reg[1]_i_1_389[0] | reset_IBUF       |                5 |              8 |
|  clkin_IBUF_BUFG      | regfile/storemux_reg[1]_i_1_383[0] | reset_IBUF       |                6 |              8 |
|  clkin_IBUF_BUFG      | regfile/storemux_reg[1]_i_1_10[0]  | reset_IBUF       |                4 |              8 |
|  clkin_IBUF_BUFG      | regfile/storemux_reg[1]_i_1_100[0] | reset_IBUF       |                3 |              8 |
|  clkin_IBUF_BUFG      | regfile/storemux_reg[1]_i_1_101[0] | reset_IBUF       |                6 |              8 |
|  clkin_IBUF_BUFG      | regfile/storemux_reg[1]_i_1_111[0] | reset_IBUF       |                5 |              8 |
|  clkin_IBUF_BUFG      | regfile/storemux_reg[1]_i_1_109[0] | reset_IBUF       |                6 |              8 |
|  clkin_IBUF_BUFG      | regfile/storemux_reg[1]_i_1_113[0] | reset_IBUF       |                6 |              8 |
|  clkin_IBUF_BUFG      | regfile/storemux_reg[1]_i_1_114[0] | reset_IBUF       |                5 |              8 |
|  clkin_IBUF_BUFG      | regfile/storemux_reg[1]_i_1_105[0] | reset_IBUF       |                6 |              8 |
|  clkin_IBUF_BUFG      | regfile/storemux_reg[1]_i_1_102[0] | reset_IBUF       |                6 |              8 |
|  clkin_IBUF_BUFG      | regfile/storemux_reg[1]_i_1_103[0] | reset_IBUF       |                5 |              8 |
|  clkin_IBUF_BUFG      | regfile/storemux_reg[1]_i_1_110[0] | reset_IBUF       |                5 |              8 |
|  clkin_IBUF_BUFG      | regfile/storemux_reg[1]_i_1_106[0] | reset_IBUF       |                5 |              8 |
|  clkin_IBUF_BUFG      | regfile/storemux_reg[1]_i_1_122[0] | reset_IBUF       |                5 |              8 |
|  clkin_IBUF_BUFG      | regfile/storemux_reg[1]_i_1_132[0] | reset_IBUF       |                4 |              8 |
|  clkin_IBUF_BUFG      | regfile/storemux_reg[1]_i_1_119[0] | reset_IBUF       |                6 |              8 |
|  clkin_IBUF_BUFG      | regfile/storemux_reg[1]_i_1_128[0] | reset_IBUF       |                4 |              8 |
|  clkin_IBUF_BUFG      | regfile/storemux_reg[1]_i_1_125[0] | reset_IBUF       |                4 |              8 |
|  clkin_IBUF_BUFG      | regfile/storemux_reg[1]_i_1_134[0] | reset_IBUF       |                6 |              8 |
|  clkin_IBUF_BUFG      | regfile/storemux_reg[1]_i_1_124[0] | reset_IBUF       |                5 |              8 |
|  clkin_IBUF_BUFG      | regfile/storemux_reg[1]_i_1_129[0] | reset_IBUF       |                6 |              8 |
|  clkin_IBUF_BUFG      | regfile/storemux_reg[1]_i_1_126[0] | reset_IBUF       |                5 |              8 |
|  clkin_IBUF_BUFG      | regfile/storemux_reg[1]_i_1_120[0] | reset_IBUF       |                5 |              8 |
|  clkin_IBUF_BUFG      | regfile/storemux_reg[1]_i_1_123[0] | reset_IBUF       |                5 |              8 |
|  clkin_IBUF_BUFG      | regfile/storemux_reg[1]_i_1_130[0] | reset_IBUF       |                5 |              8 |
|  clkin_IBUF_BUFG      | regfile/storemux_reg[1]_i_1_118[0] | reset_IBUF       |                3 |              8 |
|  clkin_IBUF_BUFG      | regfile/storemux_reg[1]_i_1_121[0] | reset_IBUF       |                6 |              8 |
|  clkin_IBUF_BUFG      | regfile/storemux_reg[1]_i_1_116[0] | reset_IBUF       |                4 |              8 |
|  clkin_IBUF_BUFG      | regfile/storemux_reg[1]_i_1_137[0] | reset_IBUF       |                6 |              8 |
|  clkin_IBUF_BUFG      | regfile/storemux_reg[1]_i_1_14[0]  | reset_IBUF       |                5 |              8 |
|  clkin_IBUF_BUFG      | regfile/storemux_reg[1]_i_1_138[0] | reset_IBUF       |                7 |              8 |
|  clkin_IBUF_BUFG      | regfile/storemux_reg[1]_i_1_144[0] | reset_IBUF       |                6 |              8 |
|  clkin_IBUF_BUFG      | regfile/storemux_reg[1]_i_1_146[0] | reset_IBUF       |                6 |              8 |
|  clkin_IBUF_BUFG      | regfile/storemux_reg[1]_i_1_141[0] | reset_IBUF       |                5 |              8 |
|  clkin_IBUF_BUFG      | regfile/storemux_reg[1]_i_1_147[0] | reset_IBUF       |                6 |              8 |
|  clkin_IBUF_BUFG      | regfile/storemux_reg[1]_i_1_140[0] | reset_IBUF       |                6 |              8 |
|  clkin_IBUF_BUFG      | regfile/storemux_reg[1]_i_1_142[0] | reset_IBUF       |                6 |              8 |
|  clkin_IBUF_BUFG      | regfile/storemux_reg[1]_i_1_143[0] | reset_IBUF       |                6 |              8 |
|  clkin_IBUF_BUFG      | regfile/storemux_reg[1]_i_1_149[0] | reset_IBUF       |                7 |              8 |
|  clkin_IBUF_BUFG      | regfile/storemux_reg[1]_i_1_148[0] | reset_IBUF       |                7 |              8 |
|  clkin_IBUF_BUFG      | regfile/storemux_reg[1]_i_1_16[0]  | reset_IBUF       |                6 |              8 |
|  clkin_IBUF_BUFG      | regfile/storemux_reg[1]_i_1_160[0] | reset_IBUF       |                5 |              8 |
|  clkin_IBUF_BUFG      | regfile/storemux_reg[1]_i_1_161[0] | reset_IBUF       |                7 |              8 |
|  clkin_IBUF_BUFG      | regfile/storemux_reg[1]_i_1_176[0] | reset_IBUF       |                5 |              8 |
|  clkin_IBUF_BUFG      | regfile/storemux_reg[1]_i_1_164[0] | reset_IBUF       |                5 |              8 |
|  clkin_IBUF_BUFG      | regfile/storemux_reg[1]_i_1_170[0] | reset_IBUF       |                4 |              8 |
|  clkin_IBUF_BUFG      | regfile/storemux_reg[1]_i_1_166[0] | reset_IBUF       |                6 |              8 |
|  clkin_IBUF_BUFG      | regfile/storemux_reg[1]_i_1_173[0] | reset_IBUF       |                4 |              8 |
|  clkin_IBUF_BUFG      | regfile/storemux_reg[1]_i_1_175[0] | reset_IBUF       |                5 |              8 |
|  clkin_IBUF_BUFG      | regfile/storemux_reg[1]_i_1_168[0] | reset_IBUF       |                4 |              8 |
|  clkin_IBUF_BUFG      | regfile/storemux_reg[1]_i_1_162[0] | reset_IBUF       |                5 |              8 |
|  clkin_IBUF_BUFG      | regfile/storemux_reg[1]_i_1_169[0] | reset_IBUF       |                6 |              8 |
|  clkin_IBUF_BUFG      | regfile/storemux_reg[1]_i_1_167[0] | reset_IBUF       |                4 |              8 |
|  clkin_IBUF_BUFG      | regfile/storemux_reg[1]_i_1_163[0] | reset_IBUF       |                6 |              8 |
|  clkin_IBUF_BUFG      | regfile/storemux_reg[1]_i_1_182[0] | reset_IBUF       |                4 |              8 |
|  clkin_IBUF_BUFG      | regfile/storemux_reg[1]_i_1_186[0] | reset_IBUF       |                5 |              8 |
|  clkin_IBUF_BUFG      | regfile/storemux_reg[1]_i_1_180[0] | reset_IBUF       |                8 |              8 |
|  clkin_IBUF_BUFG      | regfile/storemux_reg[1]_i_1_184[0] | reset_IBUF       |                6 |              8 |
|  clkin_IBUF_BUFG      | regfile/storemux_reg[1]_i_1_187[0] | reset_IBUF       |                3 |              8 |
|  clkin_IBUF_BUFG      | regfile/storemux_reg[1]_i_1_188[0] | reset_IBUF       |                4 |              8 |
|  clkin_IBUF_BUFG      | regfile/storemux_reg[1]_i_1_178[0] | reset_IBUF       |                7 |              8 |
|  clkin_IBUF_BUFG      | regfile/storemux_reg[1]_i_1_185[0] | reset_IBUF       |                6 |              8 |
|  clkin_IBUF_BUFG      | regfile/storemux_reg[1]_i_1_193[0] | reset_IBUF       |                5 |              8 |
|  clkin_IBUF_BUFG      | regfile/storemux_reg[1]_i_1_200[0] | reset_IBUF       |                4 |              8 |
|  clkin_IBUF_BUFG      | regfile/storemux_reg[1]_i_1_20[0]  | reset_IBUF       |                6 |              8 |
|  clkin_IBUF_BUFG      | regfile/storemux_reg[1]_i_1_192[0] | reset_IBUF       |                6 |              8 |
|  clkin_IBUF_BUFG      | regfile/storemux_reg[1]_i_1_201[0] | reset_IBUF       |                5 |              8 |
|  clkin_IBUF_BUFG      | regfile/storemux_reg[1]_i_1_202[0] | reset_IBUF       |                5 |              8 |
|  clkin_IBUF_BUFG      | regfile/storemux_reg[1]_i_1_194[0] | reset_IBUF       |                5 |              8 |
|  clkin_IBUF_BUFG      | regfile/storemux_reg[1]_i_1_191[0] | reset_IBUF       |                5 |              8 |
|  clkin_IBUF_BUFG      | regfile/storemux_reg[1]_i_1_205[0] | reset_IBUF       |                6 |              8 |
|  clkin_IBUF_BUFG      | regfile/storemux_reg[1]_i_1_21[0]  | reset_IBUF       |                8 |              8 |
|  clkin_IBUF_BUFG      | regfile/storemux_reg[1]_i_1_204[0] | reset_IBUF       |                6 |              8 |
|  clkin_IBUF_BUFG      | regfile/storemux_reg[1]_i_1_210[0] | reset_IBUF       |                7 |              8 |
|  clkin_IBUF_BUFG      | regfile/storemux_reg[1]_i_1_208[0] | reset_IBUF       |                5 |              8 |
|  clkin_IBUF_BUFG      | regfile/storemux_reg[1]_i_1_215[0] | reset_IBUF       |                5 |              8 |
|  clkin_IBUF_BUFG      | regfile/storemux_reg[1]_i_1_216[0] | reset_IBUF       |                5 |              8 |
|  clkin_IBUF_BUFG      | regfile/storemux_reg[1]_i_1_218[0] | reset_IBUF       |                5 |              8 |
|  clkin_IBUF_BUFG      | regfile/storemux_reg[1]_i_1_220[0] | reset_IBUF       |                6 |              8 |
|  clkin_IBUF_BUFG      | regfile/storemux_reg[1]_i_1_223[0] | reset_IBUF       |                5 |              8 |
|  clkin_IBUF_BUFG      | regfile/storemux_reg[1]_i_1_217[0] | reset_IBUF       |                5 |              8 |
|  clkin_IBUF_BUFG      | regfile/storemux_reg[1]_i_1_219[0] | reset_IBUF       |                5 |              8 |
|  clkin_IBUF_BUFG      | regfile/storemux_reg[1]_i_1_226[0] | reset_IBUF       |                6 |              8 |
|  clkin_IBUF_BUFG      | regfile/storemux_reg[1]_i_1_227[0] | reset_IBUF       |                5 |              8 |
|  clkin_IBUF_BUFG      | regfile/storemux_reg[1]_i_1_228[0] | reset_IBUF       |                5 |              8 |
|  clkin_IBUF_BUFG      | regfile/storemux_reg[1]_i_1_225[0] | reset_IBUF       |                5 |              8 |
|  clkin_IBUF_BUFG      | regfile/storemux_reg[1]_i_1_241[0] | reset_IBUF       |                5 |              8 |
|  clkin_IBUF_BUFG      | regfile/storemux_reg[1]_i_1_23[0]  | reset_IBUF       |                6 |              8 |
|  clkin_IBUF_BUFG      | regfile/storemux_reg[1]_i_1_231[0] | reset_IBUF       |                6 |              8 |
|  clkin_IBUF_BUFG      | regfile/storemux_reg[1]_i_1_236[0] | reset_IBUF       |                4 |              8 |
|  clkin_IBUF_BUFG      | regfile/storemux_reg[1]_i_1_238[0] | reset_IBUF       |                5 |              8 |
|  clkin_IBUF_BUFG      | regfile/storemux_reg[1]_i_1_237[0] | reset_IBUF       |                6 |              8 |
|  clkin_IBUF_BUFG      | regfile/storemux_reg[1]_i_1_24[0]  | reset_IBUF       |                5 |              8 |
|  clkin_IBUF_BUFG      | regfile/storemux_reg[1]_i_1_230[0] | reset_IBUF       |                4 |              8 |
|  clkin_IBUF_BUFG      | regfile/storemux_reg[1]_i_1_244[0] | reset_IBUF       |                5 |              8 |
|  clkin_IBUF_BUFG      | regfile/storemux_reg[1]_i_1_243[0] | reset_IBUF       |                6 |              8 |
|  clkin_IBUF_BUFG      | regfile/storemux_reg[1]_i_1_246[0] | reset_IBUF       |                5 |              8 |
|  clkin_IBUF_BUFG      | regfile/storemux_reg[1]_i_1_247[0] | reset_IBUF       |                8 |              8 |
|  clkin_IBUF_BUFG      | regfile/storemux_reg[1]_i_1_257[0] | reset_IBUF       |                6 |              8 |
|  clkin_IBUF_BUFG      | regfile/storemux_reg[1]_i_1_26[0]  | reset_IBUF       |                5 |              8 |
|  clkin_IBUF_BUFG      | regfile/storemux_reg[1]_i_1_267[0] | reset_IBUF       |                5 |              8 |
|  clkin_IBUF_BUFG      | regfile/storemux_reg[1]_i_1_254[0] | reset_IBUF       |                3 |              8 |
|  clkin_IBUF_BUFG      | regfile/storemux_reg[1]_i_1_255[0] | reset_IBUF       |                4 |              8 |
|  clkin_IBUF_BUFG      | regfile/storemux_reg[1]_i_1_259[0] | reset_IBUF       |                5 |              8 |
|  clkin_IBUF_BUFG      | regfile/storemux_reg[1]_i_1_260[0] | reset_IBUF       |                6 |              8 |
|  clkin_IBUF_BUFG      | regfile/storemux_reg[1]_i_1_258[0] | reset_IBUF       |                7 |              8 |
|  clkin_IBUF_BUFG      | regfile/storemux_reg[1]_i_1_256[0] | reset_IBUF       |                5 |              8 |
|  clkin_IBUF_BUFG      | regfile/storemux_reg[1]_i_1_261[0] | reset_IBUF       |                7 |              8 |
|  clkin_IBUF_BUFG      | regfile/storemux_reg[1]_i_1_264[0] | reset_IBUF       |                4 |              8 |
|  clkin_IBUF_BUFG      | regfile/storemux_reg[1]_i_1_266[0] | reset_IBUF       |                6 |              8 |
|  clkin_IBUF_BUFG      | regfile/storemux_reg[1]_i_1_268[0] | reset_IBUF       |                7 |              8 |
|  clkin_IBUF_BUFG      | regfile/storemux_reg[1]_i_1_27[0]  | reset_IBUF       |                5 |              8 |
|  clkin_IBUF_BUFG      | regfile/storemux_reg[1]_i_1_269[0] | reset_IBUF       |                3 |              8 |
|  clkin_IBUF_BUFG      | regfile/storemux_reg[1]_i_1_270[0] | reset_IBUF       |                6 |              8 |
|  clkin_IBUF_BUFG      | regfile/storemux_reg[1]_i_1_263[0] | reset_IBUF       |                5 |              8 |
|  clkin_IBUF_BUFG      | regfile/storemux_reg[1]_i_1_271[0] | reset_IBUF       |                8 |              8 |
|  clkin_IBUF_BUFG      | regfile/storemux_reg[1]_i_1_275[0] | reset_IBUF       |                5 |              8 |
|  clkin_IBUF_BUFG      | regfile/storemux_reg[1]_i_1_276[0] | reset_IBUF       |                3 |              8 |
|  clkin_IBUF_BUFG      | regfile/storemux_reg[1]_i_1_277[0] | reset_IBUF       |                5 |              8 |
|  clkin_IBUF_BUFG      | regfile/storemux_reg[1]_i_1_284[0] | reset_IBUF       |                3 |              8 |
|  clkin_IBUF_BUFG      | regfile/storemux_reg[1]_i_1_274[0] | reset_IBUF       |                6 |              8 |
|  clkin_IBUF_BUFG      | regfile/storemux_reg[1]_i_1_28[0]  | reset_IBUF       |                5 |              8 |
|  clkin_IBUF_BUFG      | regfile/storemux_reg[1]_i_1_273[0] | reset_IBUF       |                5 |              8 |
|  clkin_IBUF_BUFG      | regfile/storemux_reg[1]_i_1_279[0] | reset_IBUF       |                5 |              8 |
|  clkin_IBUF_BUFG      | regfile/storemux_reg[1]_i_1_286[0] | reset_IBUF       |                6 |              8 |
|  clkin_IBUF_BUFG      | regfile/storemux_reg[1]_i_1_287[0] | reset_IBUF       |                5 |              8 |
|  clkin_IBUF_BUFG      | regfile/storemux_reg[1]_i_1_278[0] | reset_IBUF       |                6 |              8 |
|  clkin_IBUF_BUFG      | regfile/storemux_reg[1]_i_1_289[0] | reset_IBUF       |                6 |              8 |
|  clkin_IBUF_BUFG      | regfile/storemux_reg[1]_i_1_298[0] | reset_IBUF       |                7 |              8 |
|  clkin_IBUF_BUFG      | regfile/storemux_reg[1]_i_1_299[0] | reset_IBUF       |                5 |              8 |
|  clkin_IBUF_BUFG      | regfile/storemux_reg[1]_i_1_291[0] | reset_IBUF       |                5 |              8 |
|  clkin_IBUF_BUFG      | regfile/storemux_reg[1]_i_1_30[0]  | reset_IBUF       |                6 |              8 |
|  clkin_IBUF_BUFG      | regfile/storemux_reg[1]_i_1_290[0] | reset_IBUF       |                5 |              8 |
|  clkin_IBUF_BUFG      | regfile/storemux_reg[1]_i_1_297[0] | reset_IBUF       |                4 |              8 |
|  clkin_IBUF_BUFG      | regfile/storemux_reg[1]_i_1_295[0] | reset_IBUF       |                6 |              8 |
|  clkin_IBUF_BUFG      | regfile/storemux_reg[1]_i_1_294[0] | reset_IBUF       |                6 |              8 |
|  clkin_IBUF_BUFG      | regfile/storemux_reg[1]_i_1_32[0]  | reset_IBUF       |                4 |              8 |
|  clkin_IBUF_BUFG      | regfile/storemux_reg[1]_i_1_320[0] | reset_IBUF       |                7 |              8 |
|  clkin_IBUF_BUFG      | regfile/storemux_reg[1]_i_1_302[0] | reset_IBUF       |                5 |              8 |
|  clkin_IBUF_BUFG      | regfile/storemux_reg[1]_i_1_305[0] | reset_IBUF       |                6 |              8 |
|  clkin_IBUF_BUFG      | regfile/storemux_reg[1]_i_1_308[0] | reset_IBUF       |                4 |              8 |
|  clkin_IBUF_BUFG      | regfile/storemux_reg[1]_i_1_309[0] | reset_IBUF       |                5 |              8 |
|  clkin_IBUF_BUFG      | regfile/storemux_reg[1]_i_1_303[0] | reset_IBUF       |                4 |              8 |
|  clkin_IBUF_BUFG      | regfile/storemux_reg[1]_i_1_307[0] | reset_IBUF       |                5 |              8 |
|  clkin_IBUF_BUFG      | regfile/storemux_reg[1]_i_1_310[0] | reset_IBUF       |                5 |              8 |
|  clkin_IBUF_BUFG      | regfile/storemux_reg[1]_i_1_311[0] | reset_IBUF       |                5 |              8 |
|  clkin_IBUF_BUFG      | regfile/storemux_reg[1]_i_1_312[0] | reset_IBUF       |                6 |              8 |
|  clkin_IBUF_BUFG      | regfile/storemux_reg[1]_i_1_313[0] | reset_IBUF       |                5 |              8 |
|  clkin_IBUF_BUFG      | regfile/storemux_reg[1]_i_1_314[0] | reset_IBUF       |                6 |              8 |
|  clkin_IBUF_BUFG      | regfile/storemux_reg[1]_i_1_315[0] | reset_IBUF       |                5 |              8 |
|  clkin_IBUF_BUFG      | regfile/storemux_reg[1]_i_1_316[0] | reset_IBUF       |                7 |              8 |
|  clkin_IBUF_BUFG      | regfile/storemux_reg[1]_i_1_317[0] | reset_IBUF       |                5 |              8 |
|  clkin_IBUF_BUFG      | regfile/storemux_reg[1]_i_1_318[0] | reset_IBUF       |                4 |              8 |
|  clkin_IBUF_BUFG      | regfile/storemux_reg[1]_i_1_319[0] | reset_IBUF       |                6 |              8 |
|  clkin_IBUF_BUFG      | regfile/storemux_reg[1]_i_1_327[0] | reset_IBUF       |                3 |              8 |
|  clkin_IBUF_BUFG      | regfile/storemux_reg[1]_i_1_335[0] | reset_IBUF       |                7 |              8 |
|  clkin_IBUF_BUFG      | regfile/storemux_reg[1]_i_1_338[0] | reset_IBUF       |                4 |              8 |
|  clkin_IBUF_BUFG      | regfile/storemux_reg[1]_i_1_339[0] | reset_IBUF       |                6 |              8 |
|  clkin_IBUF_BUFG      | regfile/storemux_reg[1]_i_1_333[0] | reset_IBUF       |                6 |              8 |
|  clkin_IBUF_BUFG      | regfile/storemux_reg[1]_i_1_336[0] | reset_IBUF       |                3 |              8 |
|  clkin_IBUF_BUFG      | regfile/storemux_reg[1]_i_1_350[0] | reset_IBUF       |                7 |              8 |
|  clkin_IBUF_BUFG      | regfile/storemux_reg[1]_i_1_357[0] | reset_IBUF       |                4 |              8 |
|  clkin_IBUF_BUFG      | regfile/storemux_reg[1]_i_1_358[0] | reset_IBUF       |                5 |              8 |
|  clkin_IBUF_BUFG      | regfile/storemux_reg[1]_i_1_351[0] | reset_IBUF       |                5 |              8 |
|  clkin_IBUF_BUFG      | regfile/storemux_reg[1]_i_1_342[0] | reset_IBUF       |                7 |              8 |
|  clkin_IBUF_BUFG      | regfile/storemux_reg[1]_i_1_341[0] | reset_IBUF       |                7 |              8 |
|  clkin_IBUF_BUFG      | regfile/storemux_reg[1]_i_1_353[0] | reset_IBUF       |                4 |              8 |
|  clkin_IBUF_BUFG      | regfile/storemux_reg[1]_i_1_34[0]  | reset_IBUF       |                5 |              8 |
|  clkin_IBUF_BUFG      | regfile/storemux_reg[1]_i_1_346[0] | reset_IBUF       |                5 |              8 |
|  clkin_IBUF_BUFG      | regfile/storemux_reg[1]_i_1_340[0] | reset_IBUF       |                4 |              8 |
|  clkin_IBUF_BUFG      | regfile/storemux_reg[1]_i_1_344[0] | reset_IBUF       |                5 |              8 |
|  clkin_IBUF_BUFG      | regfile/storemux_reg[1]_i_1_343[0] | reset_IBUF       |                3 |              8 |
|  clkin_IBUF_BUFG      | regfile/storemux_reg[1]_i_1_345[0] | reset_IBUF       |                5 |              8 |
|  clkin_IBUF_BUFG      | regfile/storemux_reg[1]_i_1_354[0] | reset_IBUF       |                5 |              8 |
|  clkin_IBUF_BUFG      | regfile/storemux_reg[1]_i_1_355[0] | reset_IBUF       |                5 |              8 |
|  clkin_IBUF_BUFG      | regfile/storemux_reg[1]_i_1_356[0] | reset_IBUF       |                4 |              8 |
|  clkin_IBUF_BUFG      | regfile/storemux_reg[1]_i_1_36[0]  | reset_IBUF       |                6 |              8 |
|  clkin_IBUF_BUFG      | regfile/storemux_reg[1]_i_1_360[0] | reset_IBUF       |                6 |              8 |
|  clkin_IBUF_BUFG      | regfile/storemux_reg[1]_i_1_365[0] | reset_IBUF       |                5 |              8 |
|  clkin_IBUF_BUFG      | regfile/storemux_reg[1]_i_1_362[0] | reset_IBUF       |                4 |              8 |
|  clkin_IBUF_BUFG      | regfile/storemux_reg[1]_i_1_369[0] | reset_IBUF       |                6 |              8 |
|  clkin_IBUF_BUFG      | regfile/storemux_reg[1]_i_1_37[0]  | reset_IBUF       |                3 |              8 |
|  clkin_IBUF_BUFG      | regfile/storemux_reg[1]_i_1_371[0] | reset_IBUF       |                6 |              8 |
|  clkin_IBUF_BUFG      | regfile/storemux_reg[1]_i_1_372[0] | reset_IBUF       |                5 |              8 |
|  clkin_IBUF_BUFG      | regfile/storemux_reg[1]_i_1_373[0] | reset_IBUF       |                4 |              8 |
|  clkin_IBUF_BUFG      | regfile/storemux_reg[1]_i_1_370[0] | reset_IBUF       |                5 |              8 |
|  clkin_IBUF_BUFG      | mainctr/storemux_reg[1]_i_1_40[0]  | reset_IBUF       |                5 |              8 |
|  clkin_IBUF_BUFG      | mainctr/storemux_reg[1]_i_1_34[0]  | reset_IBUF       |                5 |              8 |
|  clkin_IBUF_BUFG      | mainctr/storemux_reg[1]_i_1_37[0]  | reset_IBUF       |                4 |              8 |
|  clkin_IBUF_BUFG      | mainctr/storemux_reg[1]_i_1_89[0]  | reset_IBUF       |                2 |              8 |
|  clkin_IBUF_BUFG      | mainctr/storemux_reg[1]_i_1_50[0]  | reset_IBUF       |                5 |              8 |
|  clkin_IBUF_BUFG      | mainctr/storemux_reg[1]_i_1_42[0]  | reset_IBUF       |                7 |              8 |
|  clkin_IBUF_BUFG      | mainctr/storemux_reg[1]_i_1_86[0]  | reset_IBUF       |                4 |              8 |
|  clkin_IBUF_BUFG      | mainctr/storemux_reg[1]_i_1_85[0]  | reset_IBUF       |                6 |              8 |
|  clkin_IBUF_BUFG      | regfile/storemux_reg[1]_i_1_394[0] | reset_IBUF       |                5 |              8 |
|  clkin_IBUF_BUFG      | regfile/storemux_reg[1]_i_1_396[0] | reset_IBUF       |                5 |              8 |
|  clkin_IBUF_BUFG      | regfile/storemux_reg[1]_i_1_40[0]  | reset_IBUF       |                6 |              8 |
|  clkin_IBUF_BUFG      | regfile/storemux_reg[1]_i_1_395[0] | reset_IBUF       |                6 |              8 |
|  clkin_IBUF_BUFG      | regfile/storemux_reg[1]_i_1_397[0] | reset_IBUF       |                7 |              8 |
|  clkin_IBUF_BUFG      | regfile/storemux_reg[1]_i_1_398[0] | reset_IBUF       |                5 |              8 |
|  clkin_IBUF_BUFG      | regfile/storemux_reg[1]_i_1_399[0] | reset_IBUF       |                3 |              8 |
|  clkin_IBUF_BUFG      | regfile/storemux_reg[1]_i_1_43[0]  | reset_IBUF       |                4 |              8 |
|  clkin_IBUF_BUFG      | regfile/storemux_reg[1]_i_1_411[0] | reset_IBUF       |                4 |              8 |
|  clkin_IBUF_BUFG      | regfile/storemux_reg[1]_i_1_414[0] | reset_IBUF       |                7 |              8 |
|  clkin_IBUF_BUFG      | regfile/storemux_reg[1]_i_1_416[0] | reset_IBUF       |                6 |              8 |
|  clkin_IBUF_BUFG      | regfile/storemux_reg[1]_i_1_404[0] | reset_IBUF       |                5 |              8 |
|  clkin_IBUF_BUFG      | regfile/storemux_reg[1]_i_1_41[0]  | reset_IBUF       |                3 |              8 |
|  clkin_IBUF_BUFG      | regfile/storemux_reg[1]_i_1_406[0] | reset_IBUF       |                2 |              8 |
|  clkin_IBUF_BUFG      | regfile/storemux_reg[1]_i_1_410[0] | reset_IBUF       |                5 |              8 |
|  clkin_IBUF_BUFG      | regfile/storemux_reg[1]_i_1_412[0] | reset_IBUF       |                5 |              8 |
|  clkin_IBUF_BUFG      | regfile/storemux_reg[1]_i_1_418[0] | reset_IBUF       |                4 |              8 |
|  clkin_IBUF_BUFG      | regfile/storemux_reg[1]_i_1_419[0] | reset_IBUF       |                4 |              8 |
|  clkin_IBUF_BUFG      | regfile/storemux_reg[1]_i_1_413[0] | reset_IBUF       |                6 |              8 |
|  clkin_IBUF_BUFG      | regfile/storemux_reg[1]_i_1_415[0] | reset_IBUF       |                6 |              8 |
|  clkin_IBUF_BUFG      | regfile/storemux_reg[1]_i_1_417[0] | reset_IBUF       |                6 |              8 |
|  clkin_IBUF_BUFG      | regfile/storemux_reg[1]_i_1_48[0]  | reset_IBUF       |                5 |              8 |
|  clkin_IBUF_BUFG      | regfile/storemux_reg[1]_i_1_44[0]  | reset_IBUF       |                7 |              8 |
|  clkin_IBUF_BUFG      | regfile/storemux_reg[1]_i_1_46[0]  | reset_IBUF       |                4 |              8 |
|  clkin_IBUF_BUFG      | regfile/storemux_reg[1]_i_1_45[0]  | reset_IBUF       |                7 |              8 |
|  clkin_IBUF_BUFG      | regfile/storemux_reg[1]_i_1_50[0]  | reset_IBUF       |                4 |              8 |
|  clkin_IBUF_BUFG      | regfile/storemux_reg[1]_i_1_6[0]   | reset_IBUF       |                6 |              8 |
|  clkin_IBUF_BUFG      | regfile/storemux_reg[1]_i_1_52[0]  | reset_IBUF       |                5 |              8 |
|  clkin_IBUF_BUFG      | regfile/storemux_reg[1]_i_1_53[0]  | reset_IBUF       |                4 |              8 |
|  clkin_IBUF_BUFG      | regfile/storemux_reg[1]_i_1_51[0]  | reset_IBUF       |                5 |              8 |
|  clkin_IBUF_BUFG      | regfile/storemux_reg[1]_i_1_54[0]  | reset_IBUF       |                6 |              8 |
|  clkin_IBUF_BUFG      | regfile/storemux_reg[1]_i_1_60[0]  | reset_IBUF       |                6 |              8 |
|  clkin_IBUF_BUFG      | regfile/storemux_reg[1]_i_1_59[0]  | reset_IBUF       |                5 |              8 |
|  clkin_IBUF_BUFG      | regfile/storemux_reg[1]_i_1_62[0]  | reset_IBUF       |                6 |              8 |
|  clkin_IBUF_BUFG      | regfile/storemux_reg[1]_i_1_66[0]  | reset_IBUF       |                4 |              8 |
|  clkin_IBUF_BUFG      | regfile/storemux_reg[1]_i_1_69[0]  | reset_IBUF       |                6 |              8 |
|  clkin_IBUF_BUFG      | regfile/storemux_reg[1]_i_1_63[0]  | reset_IBUF       |                6 |              8 |
|  clkin_IBUF_BUFG      | regfile/storemux_reg[1]_i_1_70[0]  | reset_IBUF       |                7 |              8 |
|  clkin_IBUF_BUFG      | regfile/storemux_reg[1]_i_1_67[0]  | reset_IBUF       |                7 |              8 |
|  clkin_IBUF_BUFG      | regfile/storemux_reg[1]_i_1_71[0]  | reset_IBUF       |                5 |              8 |
|  clkin_IBUF_BUFG      | regfile/storemux_reg[1]_i_1_73[0]  | reset_IBUF       |                5 |              8 |
|  clkin_IBUF_BUFG      | regfile/storemux_reg[1]_i_1_80[0]  | reset_IBUF       |                7 |              8 |
|  clkin_IBUF_BUFG      | regfile/storemux_reg[1]_i_1_83[0]  | reset_IBUF       |                5 |              8 |
|  clkin_IBUF_BUFG      | regfile/storemux_reg[1]_i_1_75[0]  | reset_IBUF       |                6 |              8 |
|  clkin_IBUF_BUFG      | regfile/storemux_reg[1]_i_1_76[0]  | reset_IBUF       |                4 |              8 |
|  clkin_IBUF_BUFG      | regfile/storemux_reg[1]_i_1_81[0]  | reset_IBUF       |                6 |              8 |
|  clkin_IBUF_BUFG      | regfile/storemux_reg[1]_i_1_84[0]  | reset_IBUF       |                6 |              8 |
|  clkin_IBUF_BUFG      | regfile/storemux_reg[1]_i_1_9[0]   | reset_IBUF       |                6 |              8 |
|  clkin_IBUF_BUFG      | regfile/storemux_reg[1]_i_1_97[0]  | reset_IBUF       |                5 |              8 |
|  clkdisplay_IBUF_BUFG |                                    | Smg/clk_400Hz_0  |                8 |             31 |
|  clkin_IBUF_BUFG      | mainctr/storemux_reg[1]_i_1_10[0]  | reset_IBUF       |               18 |             32 |
|  clkin_IBUF_BUFG      | mainctr/storemux_reg[1]_i_1_4[0]   | reset_IBUF       |               20 |             32 |
|  clkin_IBUF_BUFG      | mainctr/storemux_reg[1]_i_1_33[0]  | reset_IBUF       |               17 |             32 |
|  clkin_IBUF_BUFG      | mainctr/storemux_reg[1]_i_1_15[0]  | reset_IBUF       |               13 |             32 |
|  clkin_IBUF_BUFG      | mainctr/storemux_reg[1]_i_1_0[0]   | reset_IBUF       |               18 |             32 |
|  clkin_IBUF_BUFG      | mainctr/storemux_reg[1]_i_1_17[0]  | reset_IBUF       |               16 |             32 |
|  clkin_IBUF_BUFG      | mainctr/storemux_reg[1]_i_1_31[0]  | reset_IBUF       |               17 |             32 |
|  clkin_IBUF_BUFG      | mainctr/storemux_reg[1]_i_1_32[0]  | reset_IBUF       |               21 |             32 |
|  clkin_IBUF_BUFG      | mainctr/storemux_reg[1]_i_1_5[0]   | reset_IBUF       |               16 |             32 |
|  clkin_IBUF_BUFG      | mainctr/storemux_reg[1]_i_1_11[0]  | reset_IBUF       |               21 |             32 |
|  clkin_IBUF_BUFG      | mainctr/storemux_reg[1]_i_1_16[0]  | reset_IBUF       |               13 |             32 |
|  clkin_IBUF_BUFG      | mainctr/storemux_reg[1]_i_1_1[0]   | reset_IBUF       |               14 |             32 |
|  clkin_IBUF_BUFG      | mainctr/storemux_reg[1]_i_1_3[0]   | reset_IBUF       |               14 |             32 |
|  clkin_IBUF_BUFG      | mainctr/storemux_reg[1]_i_1_6[0]   | reset_IBUF       |               20 |             32 |
|  clkin_IBUF_BUFG      | mainctr/storemux_reg[1]_i_1_13[0]  | reset_IBUF       |               19 |             32 |
|  clkin_IBUF_BUFG      | mainctr/storemux_reg[1]_i_1_19[0]  | reset_IBUF       |               23 |             32 |
|  clkin_IBUF_BUFG      | mainctr/storemux_reg[1]_i_1_25[0]  | reset_IBUF       |               13 |             32 |
|  clkin_IBUF_BUFG      | mainctr/storemux_reg[1]_i_1_24[0]  | reset_IBUF       |               14 |             32 |
|  clkin_IBUF_BUFG      | mainctr/storemux_reg[1]_i_1_23[0]  | reset_IBUF       |               18 |             32 |
|  clkin_IBUF_BUFG      | mainctr/storemux_reg[1]_i_1_14[0]  | reset_IBUF       |               21 |             32 |
|  clkin_IBUF_BUFG      | mainctr/storemux_reg[1]_i_1[0]     | reset_IBUF       |               16 |             32 |
|  clkin_IBUF_BUFG      | mainctr/storemux_reg[1]_i_1_20[0]  | reset_IBUF       |               22 |             32 |
|  clkin_IBUF_BUFG      | mainctr/storemux_reg[1]_i_1_21[0]  | reset_IBUF       |               19 |             32 |
|  clkin_IBUF_BUFG      | mainctr/storemux_reg[1]_i_1_22[0]  | reset_IBUF       |               12 |             32 |
|  clkin_IBUF_BUFG      | mainctr/storemux_reg[1]_i_1_12[0]  | reset_IBUF       |               18 |             32 |
|  clkin_IBUF_BUFG      | mainctr/storemux_reg[1]_i_1_2[0]   | reset_IBUF       |               16 |             32 |
|  clkin_IBUF_BUFG      | mainctr/storemux_reg[1]_i_1_7[0]   | reset_IBUF       |               15 |             32 |
|  clkin_IBUF_BUFG      | mainctr/storemux_reg[1]_i_1_9[0]   | reset_IBUF       |               15 |             32 |
|  clkin_IBUF_BUFG      | mainctr/storemux_reg[1]_i_1_8[0]   | reset_IBUF       |               18 |             32 |
|  clkin_IBUF_BUFG      | mainctr/storemux_reg[1]_i_1_30[0]  | reset_IBUF       |               17 |             32 |
|  clkin_IBUF_BUFG      | mainctr/E[0]                       | reset_IBUF       |               14 |             32 |
|  clkin_IBUF_BUFG      | mainctr/storemux_reg[1]_i_1_18[0]  | reset_IBUF       |               16 |             32 |
| ~clkin_IBUF_BUFG      |                                    | reset_IBUF       |               18 |             32 |
|  ExtOp_BUFG           |                                    |                  |               21 |             38 |
|  clkin_IBUF_BUFG      | mainctr/reset[0]                   | reset_IBUF       |               14 |             64 |
|  n_0_15257_BUFG       |                                    |                  |               33 |             64 |
+-----------------------+------------------------------------+------------------+------------------+----------------+


